Título: Calculo de caudal maximo
Autor: Ing. Carlos Camacho Soto
Fecha: 08/02/2018
Versión: 1.0
-----------------------------------------------------------
Viscosidad cinemática [Pa s]: 1.007E-6
Máximo desbalance de caudales [l/s]: 1.0E-5
Máximo de iteraciones: 40
Número de nudos de carga fija: 2
Número de nudos de demanda: 1
Número de tramos de la red: 2
Factor de demanda: 1
-----------------------------------------------------------
---------------------------------
Nudo#  Elevación  Carga fija
---------------------------------
  0       100     110.00 
  1       100     100.00 
--------------------------------------
Nudo#  Elevación Demanda Factor 
--------------------------------------
  2       100       0.00  1.00 
--------------------------------------
-----------------------------------------------------------------
Tubo# De  A    L      D      Ks       Km   Estado  Opciones
-----------------------------------------------------------------
  0    0  2  200.00  500 0.0500000   0.00    TA - 
  1    2  1  200.00  500 0.0500000   0.00    TA - 
-----------------------------------------------------------------
-------------------------------------------
Nudo#  Elevación  Demanda   Carga  Presión
-------------------------------------------
  0    100.00        --     110.00   10.00
  1    100.00        --     100.00    0.00
  2    100.00        0.00   105.00    5.00 
-------------------------------------------
---------------------------------------------------
Tubo#  De  A      v[m/s]   Q[l/s]    Hf[m]   Hm[m]  
---------------------------------------------------
  0     0   2      4.37    858.74     5.00    0.00 
  1     2   1      4.37    858.74     5.00    0.00 
--------------------------------------------------
crcs2019
