MÉTODO DEL GRADIENTE HIDRÁULICO

Modo de ejecución: Impresión detallada
--
Topología de nudos OK

----- INICIO DEL CÁLCULO -----

----- Iteración inicial -----
Matriz [q]
[110.0, 100.0, 0.0]

Matriz [Ho]
[110. 100.]

Matriz [qi]
[0.]

Matriz [B]
[[ 1.]
 [-1.]]

Matriz [C]
[[-1.  0.]
 [ 0.  1.]]

Matriz [Q]
[0.1 0.1]


Variables hidráulicas de los tramos

  N  De->A    L    D    ks    kL   Es    A     v      Re     f       hf    hL    alfa
---------------------------------------------------------------------------------------
  0   0  2   200  500 0.0500  5.0   TA  0.1963 0.51  252878 0.01582  0.08  0.07    14.97
  1   2  1   200  500 0.0500  5.0   TA  0.1963 0.51  252878 0.01582  0.08  0.07    14.97
---------------------------------------------------------------------------------------

Matriz [A]
[[1.49746634 0.        ]
 [0.         1.49746634]]

Matriz [A1]
[[1.49746634 0.        ]
 [0.         1.49746634]]

----Inician las iteraciones----


-----Iteración número:   1 -----

Variables hidráulicas de los tramos

  N  De->A    L    D    ks    kL   Es    A     v      Re     f       hf    hL    alfa
---------------------------------------------------------------------------------------
  0   0  2   200  500 0.0500  5.0   TA  0.1963 8.76 4348199 0.01246 19.48 19.54    13.20
  1   2  1   200  500 0.0500  5.0   TA  0.1963 8.76 4348199 0.01246 19.48 19.54    13.20
---------------------------------------------------------------------------------------
Matriz [A]
[[22.69234433  0.        ]
 [ 0.         22.69234433]]

Matriz [A1]
[[22.69234433  0.        ]
 [ 0.         22.69234433]]

Matriz [qfi]
[-1.71948661  1.71948661]

Matriz [Hi]
[105.]

Matriz [Qi]
[1.71948661 1.71948661]

Matriz [dq]
[1.61948661 1.61948661]


-----Fin iteración:   1  Desbalance de caudales: 1619.486607


-----Iteración número:   2 -----

Variables hidráulicas de los tramos

  N  De->A    L    D    ks    kL   Es    A     v      Re     f       hf    hL    alfa
---------------------------------------------------------------------------------------
  0   0  2   200  500 0.0500  5.0   TA  0.1963 4.94 2452693 0.01274  6.34  6.22    13.35
  1   2  1   200  500 0.0500  5.0   TA  0.1963 4.94 2452693 0.01274  6.34  6.22    13.35
---------------------------------------------------------------------------------------
Matriz [A]
[[12.94731043  0.        ]
 [ 0.         12.94731043]]

Matriz [A1]
[[12.94731043  0.        ]
 [ 0.         12.94731043]]

Matriz [qfi]
[-0.96991262  0.96991262]

Matriz [Hi]
[105.]

Matriz [Qi]
[0.96991262 0.96991262]

Matriz [dq]
[-0.74957399 -0.74957399]


-----Fin iteración:   2  Desbalance de caudales: 749.573990


-----Iteración número:   3 -----

Variables hidráulicas de los tramos

  N  De->A    L    D    ks    kL   Es    A     v      Re     f       hf    hL    alfa
---------------------------------------------------------------------------------------
  0   0  2   200  500 0.0500  5.0   TA  0.1963 3.45 1714629 0.01299  3.16  3.04    13.48
  1   2  1   200  500 0.0500  5.0   TA  0.1963 3.45 1714629 0.01299  3.16  3.04    13.48
---------------------------------------------------------------------------------------
Matriz [A]
[[9.14124706 0.        ]
 [0.         9.14124706]]

Matriz [A1]
[[9.14124706 0.        ]
 [0.         9.14124706]]

Matriz [qfi]
[-0.6780466  0.6780466]

Matriz [Hi]
[105.]

Matriz [Qi]
[0.6780466 0.6780466]

Matriz [dq]
[-0.29186601 -0.29186601]


-----Fin iteración:   3  Desbalance de caudales: 291.866013


-----Iteración número:   4 -----

Variables hidráulicas de los tramos

  N  De->A    L    D    ks    kL   Es    A     v      Re     f       hf    hL    alfa
---------------------------------------------------------------------------------------
  0   0  2   200  500 0.0500  5.0   TA  0.1963 3.12 1548899 0.01308  2.59  2.48    13.53
  1   2  1   200  500 0.0500  5.0   TA  0.1963 3.12 1548899 0.01308  2.59  2.48    13.53
---------------------------------------------------------------------------------------
Matriz [A]
[[8.28470816 0.        ]
 [0.         8.28470816]]

Matriz [A1]
[[8.28470816 0.        ]
 [0.         8.28470816]]

Matriz [qfi]
[-0.61250896  0.61250896]

Matriz [Hi]
[105.]

Matriz [Qi]
[0.61250896 0.61250896]

Matriz [dq]
[-0.06553764 -0.06553764]


-----Fin iteración:   4  Desbalance de caudales: 65.537641


-----Iteración número:   5 -----

Variables hidráulicas de los tramos

  N  De->A    L    D    ks    kL   Es    A     v      Re     f       hf    hL    alfa
---------------------------------------------------------------------------------------
  0   0  2   200  500 0.0500  5.0   TA  0.1963 3.10 1537535 0.01308  2.56  2.44    13.53
  1   2  1   200  500 0.0500  5.0   TA  0.1963 3.10 1537535 0.01308  2.56  2.44    13.53
---------------------------------------------------------------------------------------
Matriz [A]
[[8.22594249 0.        ]
 [0.         8.22594249]]

Matriz [A1]
[[8.22594249 0.        ]
 [0.         8.22594249]]

Matriz [qfi]
[-0.60801526  0.60801526]

Matriz [Hi]
[105.]

Matriz [Qi]
[0.60801526 0.60801526]

Matriz [dq]
[-0.0044937 -0.0044937]


-----Fin iteración:   5  Desbalance de caudales: 4.493701


-----Iteración número:   6 -----

Variables hidráulicas de los tramos

  N  De->A    L    D    ks    kL   Es    A     v      Re     f       hf    hL    alfa
---------------------------------------------------------------------------------------
  0   0  2   200  500 0.0500  5.0   TA  0.1963 3.10 1537305 0.01308  2.56  2.44    13.53
  1   2  1   200  500 0.0500  5.0   TA  0.1963 3.10 1537305 0.01308  2.56  2.44    13.53
---------------------------------------------------------------------------------------
Matriz [A]
[[8.22475124 0.        ]
 [0.         8.22475124]]

Matriz [A1]
[[8.22475124 0.        ]
 [0.         8.22475124]]

Matriz [qfi]
[-0.60792417  0.60792417]

Matriz [Hi]
[105.]

Matriz [Qi]
[0.60792417 0.60792417]

Matriz [dq]
[-9.1088864e-05 -9.1088864e-05]


-----Fin iteración:   6  Desbalance de caudales: 0.091089


-----Iteración número:   7 -----

Variables hidráulicas de los tramos

  N  De->A    L    D    ks    kL   Es    A     v      Re     f       hf    hL    alfa
---------------------------------------------------------------------------------------
  0   0  2   200  500 0.0500  5.0   TA  0.1963 3.10 1537301 0.01308  2.56  2.44    13.53
  1   2  1   200  500 0.0500  5.0   TA  0.1963 3.10 1537301 0.01308  2.56  2.44    13.53
---------------------------------------------------------------------------------------
Matriz [A]
[[8.22473129 0.        ]
 [0.         8.22473129]]

Matriz [A1]
[[8.22473129 0.        ]
 [0.         8.22473129]]

Matriz [qfi]
[-0.60792265  0.60792265]

Matriz [Hi]
[105.]

Matriz [Qi]
[0.60792265 0.60792265]

Matriz [dq]
[-1.52596913e-06 -1.52596913e-06]


-----Fin iteración:   7  Desbalance de caudales: 0.001526

----- FIN DEL CÁLCULO -----


MÉTODO DEL GRADIENTE HIDRÁULICO                 v.0.1

Archivo de entrada: ./input/CaudalMax-kL.mgh
Titulo:      Calculo de caudal maximo
Autor:       Ing. Carlos Camacho Soto
Fecha:       08/02/2018
Versión:     1.0
Viscosidad: 1.007e-06
Desbalance:  1e-05
Máximo iteraciones permitidas:  40
Ecuación de pérdidas de fricción: Swamee-Jain
Factor global de demanda:  1.0

DATOS DE ENTRADA

Nudos de carga fija
  N  Elevación    Carga    Nivel
---------------------------------
  0   100.00     110.00    10.00 
  1   100.00     100.00     0.00 
---------------------------------

Nudos de demanda
  N  Elevación   Demanda    FVH
---------------------------------
  2   100.00       0.00     1.00 
---------------------------------

Tramos
  T   de->a      L     D     A       ks     kL   Estado   Op 
---------------------------------------------------------------
  0    0  2     200   500  0.1963  0.0500   5.0     TA   - 
  1    2  1     200   500  0.1963  0.0500   5.0     TA   - 
---------------------------------------------------------------

RESULTADOS

Nudos de carga fija
  N  Elevación    Carga    Nivel   Caudal
------------------------------------------
  0   100.00     110.00    10.00  -607.92
  1   100.00     100.00     0.00   607.92
------------------------------------------

Nudos de demanda
  N  Elevación   Q Base    FVH   Q Neto     Carga   Presión
-----------------------------------------------------------
  2   100.00       0.00    1.00    0.00    105.00     5.00
-----------------------------------------------------------

Tramos
  T   de->a      V       Q       hf      hL      hT       S
--------------------------------------------------------------
  0    0  2     3.10  607.92    2.56    2.44    5.00   0.02500
  1    2  1     3.10  607.92    2.56    2.44    5.00   0.02500
--------------------------------------------------------------

Fecha y hora de esta corrida:  Fri Sep  2 21:19:27 2022
crcs-2022
