MÉTODO DEL GRADIENTE HIDRÁULICO

Modo de ejecución: Impresión detallada
--
Topología de nudos OK

----- INICIO DEL CÁLCULO -----

----- Iteración inicial -----
Matriz [q]
[100.0, 60.0, 40.0, 30.0, 30.0, 40.0]

Matriz [Ho]
[100.]

Matriz [qi]
[0.06 0.04 0.03 0.03 0.04]

Matriz [B]
[[ 1.  0.  0.  0.  0.]
 [-1.  1.  0.  0.  0.]
 [ 0.  1. -1.  0.  0.]
 [ 0.  0.  1. -1.  0.]
 [-1.  0.  0.  1.  0.]
 [ 0.  0.  0.  1. -1.]
 [ 0.  0.  0.  0.  1.]]

Matriz [C]
[[-1.]
 [ 0.]
 [ 0.]
 [ 0.]
 [ 0.]
 [ 0.]
 [-1.]]

Matriz [Q]
[0.1 0.1 0.1 0.1 0.1 0.1 0.1]


Variables hidráulicas de los tramos

  N  De->A    L    D    ks    kL   Es    A     v      Re     f       hf    hL    alfa
---------------------------------------------------------------------------------------
  0   0  1   500  250 0.0015  0.0  TA  0.0491 2.04  446751 0.01351  5.72  0.00   571.62
  1   1  2   400  150 0.0015 10.0  TA  0.0177 5.66  744585 0.01244 54.15 16.32  7047.49
  2   3  2   200  100 0.0015  0.0  TA  0.0079 12.73 1116877 0.01178 194.71  0.00 19471.05
  3   4  3   400  150 0.0015  0.0  TA  0.0177 5.66  744585 0.01244 54.15  0.00  5415.35
  4   1  4   200  100 0.0015  0.0  TA  0.0079 12.73 1116877 0.01178 194.71  0.00 19471.05
  5   5  4   600  200 0.0015  0.0  TA  0.0314 3.18  558438 0.01302 20.16  0.00  2016.38
  6   0  5   300  250 0.0015  0.0  TA  0.0491 2.04  446751 0.01351  3.43  0.00   342.97
---------------------------------------------------------------------------------------

Matriz [A]
[[  57.16221486    0.            0.            0.            0.
     0.            0.        ]
 [   0.          704.74864399    0.            0.            0.
     0.            0.        ]
 [   0.            0.         1947.10503272    0.            0.
     0.            0.        ]
 [   0.            0.            0.          541.5350989     0.
     0.            0.        ]
 [   0.            0.            0.            0.         1947.10503272
     0.            0.        ]
 [   0.            0.            0.            0.            0.
   201.63803727    0.        ]
 [   0.            0.            0.            0.            0.
     0.           34.29732892]]

Matriz [A1]
[[  57.16221486    0.            0.            0.            0.
     0.            0.        ]
 [   0.          704.74864399    0.            0.            0.
     0.            0.        ]
 [   0.            0.         1947.10503272    0.            0.
     0.            0.        ]
 [   0.            0.            0.          541.5350989     0.
     0.            0.        ]
 [   0.            0.            0.            0.         1947.10503272
     0.            0.        ]
 [   0.            0.            0.            0.            0.
   201.63803727    0.        ]
 [   0.            0.            0.            0.            0.
     0.           34.29732892]]

----Inician las iteraciones----


-----Iteración número:   1 -----

Variables hidráulicas de los tramos

  N  De->A    L    D    ks    kL   Es    A     v      Re     f       hf    hL    alfa
---------------------------------------------------------------------------------------
  0   0  1   500  250 0.0015  0.0  TA  0.0491 2.35  515259 0.01318  7.41  0.00   557.40
  1   1  2   400  150 0.0015 10.0  TA  0.0177 0.41   53571 0.02061  0.46  0.08 10602.82
  2   3  2   200  100 0.0015  0.0  TA  0.0079 4.18  366394 0.01411 25.09  0.00 23314.66
  3   4  3   400  150 0.0015  0.0  TA  0.0177 3.55  467638 0.01346 23.10  0.00  5857.31
  4   1  4   200  100 0.0015  0.0  TA  0.0079 6.13  537665 0.01321 50.60  0.00 21833.02
  5   5  4   600  200 0.0015  0.0  TA  0.0314 1.42  249427 0.01505  4.65  0.00  2331.91
  6   0  5   300  250 0.0015  0.0  TA  0.0491 1.72  378242 0.01392  2.53  0.00   353.38
---------------------------------------------------------------------------------------
Matriz [A]
[[  64.28745621    0.            0.            0.            0.
     0.            0.        ]
 [   0.           76.28457663    0.            0.            0.
     0.            0.        ]
 [   0.            0.          764.84347452    0.            0.
     0.            0.        ]
 [   0.            0.            0.          367.8696762     0.
     0.            0.        ]
 [   0.            0.            0.            0.         1051.0432377
     0.            0.        ]
 [   0.            0.            0.            0.            0.
   104.15500433    0.        ]
 [   0.            0.            0.            0.            0.
     0.           29.91909995]]

Matriz [A1]
[[  64.28745621    0.            0.            0.            0.
     0.            0.        ]
 [   0.           76.28457663    0.            0.            0.
     0.            0.        ]
 [   0.            0.          764.84347452    0.            0.
     0.            0.        ]
 [   0.            0.            0.          367.8696762     0.
     0.            0.        ]
 [   0.            0.            0.            0.         1051.0432377
     0.            0.        ]
 [   0.            0.            0.            0.            0.
   104.15500433    0.        ]
 [   0.            0.            0.            0.            0.
     0.           29.91909995]]

Matriz [qfi]
[-0.2]

Matriz [Hi]
[ 92.53063355 152.86452337  85.90457153  99.77356082  97.62215409]

Matriz [Qi]
[0.11533482 0.00719475 0.03280525 0.06280525 0.04814008 0.04466518
 0.08466518]

Matriz [dq]
[ 0.01533482 -0.09280525 -0.06719475 -0.03719475 -0.05185992 -0.05533482
 -0.01533482]


-----Fin iteración:   1  Desbalance de caudales: 92.805254


-----Iteración número:   2 -----

Variables hidráulicas de los tramos

  N  De->A    L    D    ks    kL   Es    A     v      Re     f       hf    hL    alfa
---------------------------------------------------------------------------------------
  0   0  1   500  250 0.0015  0.0  TA  0.0491 2.28  500170 0.01324  7.02  0.00   560.31
  1   1  2   400  150 0.0015 10.0  TA  0.0177 1.55  203710 0.01566  5.10  1.22  8449.68
  2   3  2   200  100 0.0015  0.0  TA  0.0079 1.61  141186 0.01686  4.45  0.00 27859.67
  3   4  3   400  150 0.0015  0.0  TA  0.0177 2.41  317499 0.01442 11.41  0.00  6275.30
  4   1  4   200  100 0.0015  0.0  TA  0.0079 3.13  274733 0.01486 14.85  0.00 24549.19
  5   5  4   600  200 0.0015  0.0  TA  0.0314 1.53  268289 0.01485  5.31  0.00  2300.22
  6   0  5   300  250 0.0015  0.0  TA  0.0491 1.79  393332 0.01382  2.72  0.00   350.89
---------------------------------------------------------------------------------------
Matriz [A]
[[ 62.73121747   0.           0.           0.           0.
    0.           0.        ]
 [  0.         231.17381001   0.           0.           0.
    0.           0.        ]
 [  0.           0.         352.17751388   0.           0.
    0.           0.        ]
 [  0.           0.           0.         267.58584051   0.
    0.           0.        ]
 [  0.           0.           0.           0.         603.87001379
    0.           0.        ]
 [  0.           0.           0.           0.           0.
  110.50892017   0.        ]
 [  0.           0.           0.           0.           0.
    0.          30.89339337]]

Matriz [A1]
[[ 62.73121747   0.           0.           0.           0.
    0.           0.        ]
 [  0.         231.17381001   0.           0.           0.
    0.           0.        ]
 [  0.           0.         352.17751388   0.           0.
    0.           0.        ]
 [  0.           0.           0.         267.58584051   0.
    0.           0.        ]
 [  0.           0.           0.           0.         603.87001379
    0.           0.        ]
 [  0.           0.           0.           0.           0.
  110.50892017   0.        ]
 [  0.           0.           0.           0.           0.
    0.          30.89339337]]

Matriz [qfi]
[-0.2]

Matriz [Hi]
[93.01968983 89.39441744 83.6404955  91.90910005 97.26478573]

Matriz [Qi]
[0.11195724 0.02735888 0.01264112 0.04264112 0.02459837 0.04804276
 0.08804276]

Matriz [dq]
[-0.00337758  0.02016413 -0.02016413 -0.02016413 -0.02354171  0.00337758
  0.00337758]


-----Fin iteración:   2  Desbalance de caudales: 23.541712


-----Iteración número:   3 -----

Variables hidráulicas de los tramos

  N  De->A    L    D    ks    kL   Es    A     v      Re     f       hf    hL    alfa
---------------------------------------------------------------------------------------
  0   0  1   500  250 0.0015  0.0  TA  0.0491 2.21  485246 0.01332  6.65  0.00   563.31
  1   1  2   400  150 0.0015 10.0  TA  0.0177 1.94  255805 0.01500  7.71  1.93  8162.48
  2   3  2   200  100 0.0015  0.0  TA  0.0079 0.72   63044 0.01991  1.05  0.00 32905.40
  3   4  3   400  150 0.0015  0.0  TA  0.0177 2.02  265404 0.01490  8.24  0.00  6485.69
  4   1  4   200  100 0.0015  0.0  TA  0.0079 1.82  159281 0.01646  5.53  0.00 27208.54
  5   5  4   600  200 0.0015  0.0  TA  0.0314 1.64  286944 0.01466  6.00  0.00  2271.59
  6   0  5   300  250 0.0015  0.0  TA  0.0491 1.86  408256 0.01373  2.91  0.00   348.55
---------------------------------------------------------------------------------------
Matriz [A]
[[ 61.18497771   0.           0.           0.           0.
    0.           0.        ]
 [  0.         280.4250738    0.           0.           0.
    0.           0.        ]
 [  0.           0.         185.73885247   0.           0.
    0.           0.        ]
 [  0.           0.           0.         231.18004352   0.
    0.           0.        ]
 [  0.           0.           0.           0.         388.02910202
    0.           0.        ]
 [  0.           0.           0.           0.           0.
  116.7220831    0.        ]
 [  0.           0.           0.           0.           0.
    0.          31.85125175]]

Matriz [A1]
[[ 61.18497771   0.           0.           0.           0.
    0.           0.        ]
 [  0.         280.4250738    0.           0.           0.
    0.           0.        ]
 [  0.           0.         185.73885247   0.           0.
    0.           0.        ]
 [  0.           0.           0.         231.18004352   0.
    0.           0.        ]
 [  0.           0.           0.           0.         388.02910202
    0.           0.        ]
 [  0.           0.           0.           0.           0.
  116.7220831    0.        ]
 [  0.           0.           0.           0.           0.
    0.          31.85125175]]

Matriz [qfi]
[-0.2]

Matriz [Hi]
[93.39590259 83.83643544 83.36034056 91.02617703 97.07365704]

Matriz [Qi]
[0.10861667 0.03435537 0.00564463 0.03564463 0.0142613  0.05138333
 0.09138333]

Matriz [dq]
[-0.00334058  0.00699649 -0.00699649 -0.00699649 -0.01033707  0.00334058
  0.00334058]


-----Fin iteración:   3  Desbalance de caudales: 10.337068


-----Iteración número:   4 -----

Variables hidráulicas de los tramos

  N  De->A    L    D    ks    kL   Es    A     v      Re     f       hf    hL    alfa
---------------------------------------------------------------------------------------
  0   0  1   500  250 0.0015  0.0  TA  0.0491 2.18  478354 0.01335  6.47  0.00   564.74
  1   1  2   400  150 0.0015 10.0  TA  0.0177 2.05  269495 0.01486  8.47  2.14  8099.43
  2   3  2   200  100 0.0015  0.0  TA  0.0079 0.48   42508 0.02172  0.52  0.00 35889.29
  3   4  3   400  150 0.0015  0.0  TA  0.0177 1.91  251714 0.01505  7.49  0.00  6550.04
  4   1  4   200  100 0.0015  0.0  TA  0.0079 1.39  121516 0.01737  3.40  0.00 28704.45
  5   5  4   600  200 0.0015  0.0  TA  0.0314 1.68  295559 0.01458  6.33  0.00  2259.17
  6   0  5   300  250 0.0015  0.0  TA  0.0491 1.89  415148 0.01369  3.00  0.00   347.50
---------------------------------------------------------------------------------------
Matriz [A]
[[ 60.46849092   0.           0.           0.           0.
    0.           0.        ]
 [  0.         293.15092662   0.           0.           0.
    0.           0.        ]
 [  0.           0.         136.59373998   0.           0.
    0.           0.        ]
 [  0.           0.           0.         221.43056134   0.
    0.           0.        ]
 [  0.           0.           0.           0.         312.30403862
    0.           0.        ]
 [  0.           0.           0.           0.           0.
  119.56906041   0.        ]
 [  0.           0.           0.           0.           0.
    0.          32.29172575]]

Matriz [A1]
[[ 60.46849092   0.           0.           0.           0.
    0.           0.        ]
 [  0.         293.15092662   0.           0.           0.
    0.           0.        ]
 [  0.           0.         136.59373998   0.           0.
    0.           0.        ]
 [  0.           0.           0.         221.43056134   0.
    0.           0.        ]
 [  0.           0.           0.           0.         312.30403862
    0.           0.        ]
 [  0.           0.           0.           0.           0.
  119.56906041   0.        ]
 [  0.           0.           0.           0.           0.
    0.          32.29172575]]

Matriz [qfi]
[-0.2]

Matriz [Hi]
[93.54306626 82.87774863 83.24315604 90.63336202 96.99105548]

Matriz [Qi]
[0.10707401 0.03619403 0.00380597 0.03380597 0.01087999 0.05292599
 0.09292599]

Matriz [dq]
[-0.00154265  0.00183866 -0.00183866 -0.00183866 -0.00338131  0.00154265
  0.00154265]


-----Fin iteración:   4  Desbalance de caudales: 3.381312


-----Iteración número:   5 -----

Variables hidráulicas de los tramos

  N  De->A    L    D    ks    kL   Es    A     v      Re     f       hf    hL    alfa
---------------------------------------------------------------------------------------
  0   0  1   500  250 0.0015  0.0  TA  0.0491 2.17  476843 0.01336  6.44  0.00   565.05
  1   1  2   400  150 0.0015 10.0  TA  0.0177 2.07  271744 0.01484  8.60  2.17  8089.47
  2   3  2   200  100 0.0015  0.0  TA  0.0079 0.45   39135 0.02213  0.45  0.00 36565.92
  3   4  3   400  150 0.0015  0.0  TA  0.0177 1.90  249466 0.01507  7.36  0.00  6561.05
  4   1  4   200  100 0.0015  0.0  TA  0.0079 1.30  114367 0.01758  3.05  0.00 29057.22
  5   5  4   600  200 0.0015  0.0  TA  0.0314 1.70  297447 0.01457  6.40  0.00  2256.51
  6   0  5   300  250 0.0015  0.0  TA  0.0491 1.90  416658 0.01368  3.02  0.00   347.27
---------------------------------------------------------------------------------------
Matriz [A]
[[ 60.31123052   0.           0.           0.           0.
    0.           0.        ]
 [  0.         295.23331767   0.           0.           0.
    0.           0.        ]
 [  0.           0.         128.12696759   0.           0.
    0.           0.        ]
 [  0.           0.           0.         219.82127286   0.
    0.           0.        ]
 [  0.           0.           0.           0.         297.54220333
    0.           0.        ]
 [  0.           0.           0.           0.           0.
  120.19130595   0.        ]
 [  0.           0.           0.           0.           0.
    0.          32.38812202]]

Matriz [A1]
[[ 60.31123052   0.           0.           0.           0.
    0.           0.        ]
 [  0.         295.23331767   0.           0.           0.
    0.           0.        ]
 [  0.           0.         128.12696759   0.           0.
    0.           0.        ]
 [  0.           0.           0.         219.82127286   0.
    0.           0.        ]
 [  0.           0.           0.           0.         297.54220333
    0.           0.        ]
 [  0.           0.           0.           0.           0.
  120.19130595   0.        ]
 [  0.           0.           0.           0.           0.
    0.          32.38812202]]

Matriz [qfi]
[-0.2]

Matriz [Hi]
[93.56628984 82.77892897 83.21630535 90.56824808 96.97742116]

Matriz [Qi]
[0.10673587 0.036496   0.003504   0.033504   0.01023987 0.05326413
 0.09326413]

Matriz [dq]
[-0.00033814  0.00030198 -0.00030198 -0.00030198 -0.00064012  0.00033814
  0.00033814]


-----Fin iteración:   5  Desbalance de caudales: 0.640117


-----Iteración número:   6 -----

Variables hidráulicas de los tramos

  N  De->A    L    D    ks    kL   Es    A     v      Re     f       hf    hL    alfa
---------------------------------------------------------------------------------------
  0   0  1   500  250 0.0015  0.0  TA  0.0491 2.17  476658 0.01336  6.43  0.00   565.09
  1   1  2   400  150 0.0015 10.0  TA  0.0177 2.07  271986 0.01483  8.61  2.18  8088.40
  2   3  2   200  100 0.0015  0.0  TA  0.0079 0.44   38772 0.02217  0.44  0.00 36643.39
  3   4  3   400  150 0.0015  0.0  TA  0.0177 1.89  249224 0.01508  7.35  0.00  6562.24
  4   1  4   200  100 0.0015  0.0  TA  0.0079 1.29  113541 0.01761  3.01  0.00 29099.83
  5   5  4   600  200 0.0015  0.0  TA  0.0314 1.70  297679 0.01456  6.41  0.00  2256.19
  6   0  5   300  250 0.0015  0.0  TA  0.0491 1.90  416843 0.01368  3.02  0.00   347.25
---------------------------------------------------------------------------------------
Matriz [A]
[[ 60.29196085   0.           0.           0.           0.
    0.           0.        ]
 [  0.         295.45734482   0.           0.           0.
    0.           0.        ]
 [  0.           0.         127.20729423   0.           0.
    0.           0.        ]
 [  0.           0.           0.         219.64790648   0.
    0.           0.        ]
 [  0.           0.           0.           0.         295.82717526
    0.           0.        ]
 [  0.           0.           0.           0.           0.
  120.26748745   0.        ]
 [  0.           0.           0.           0.           0.
    0.          32.39992683]]

Matriz [A1]
[[ 60.29196085   0.           0.           0.           0.
    0.           0.        ]
 [  0.         295.45734482   0.           0.           0.
    0.           0.        ]
 [  0.           0.         127.20729423   0.           0.
    0.           0.        ]
 [  0.           0.           0.         219.64790648   0.
    0.           0.        ]
 [  0.           0.           0.           0.         295.82717526
    0.           0.        ]
 [  0.           0.           0.           0.           0.
  120.26748745   0.        ]
 [  0.           0.           0.           0.           0.
    0.          32.39992683]]

Matriz [qfi]
[-0.2]

Matriz [Hi]
[93.56762475 82.7735961  83.2142233  90.56482438 96.97666682]

Matriz [Qi]
[0.10669445 0.03652851 0.00347149 0.03347149 0.01016594 0.05330555
 0.09330555]

Matriz [dq]
[-4.14223541e-05  3.25052672e-05 -3.25052672e-05 -3.25052672e-05
 -7.39276213e-05  4.14223541e-05  4.14223541e-05]


-----Fin iteración:   6  Desbalance de caudales: 0.073928


-----Iteración número:   7 -----

Variables hidráulicas de los tramos

  N  De->A    L    D    ks    kL   Es    A     v      Re     f       hf    hL    alfa
---------------------------------------------------------------------------------------
  0   0  1   500  250 0.0015  0.0  TA  0.0491 2.17  476639 0.01336  6.43  0.00   565.09
  1   1  2   400  150 0.0015 10.0  TA  0.0177 2.07  272008 0.01483  8.62  2.18  8088.30
  2   3  2   200  100 0.0015  0.0  TA  0.0079 0.44   38738 0.02218  0.44  0.00 36650.76
  3   4  3   400  150 0.0015  0.0  TA  0.0177 1.89  249201 0.01508  7.35  0.00  6562.35
  4   1  4   200  100 0.0015  0.0  TA  0.0079 1.29  113459 0.01761  3.00  0.00 29104.08
  5   5  4   600  200 0.0015  0.0  TA  0.0314 1.70  297703 0.01456  6.41  0.00  2256.16
  6   0  5   300  250 0.0015  0.0  TA  0.0491 1.90  416862 0.01368  3.02  0.00   347.24
---------------------------------------------------------------------------------------
Matriz [A]
[[ 60.2899747    0.           0.           0.           0.
    0.           0.        ]
 [  0.         295.47851499   0.           0.           0.
    0.           0.        ]
 [  0.           0.         127.12029475   0.           0.
    0.           0.        ]
 [  0.           0.           0.         219.63152128   0.
    0.           0.        ]
 [  0.           0.           0.           0.         295.65675054
    0.           0.        ]
 [  0.           0.           0.           0.           0.
  120.27533877   0.        ]
 [  0.           0.           0.           0.           0.
    0.          32.40114348]]

Matriz [A1]
[[ 60.2899747    0.           0.           0.           0.
    0.           0.        ]
 [  0.         295.47851499   0.           0.           0.
    0.           0.        ]
 [  0.           0.         127.12029475   0.           0.
    0.           0.        ]
 [  0.           0.           0.         219.63152128   0.
    0.           0.        ]
 [  0.           0.           0.           0.         295.65675054
    0.           0.        ]
 [  0.           0.           0.           0.           0.
  120.27533877   0.        ]
 [  0.           0.           0.           0.           0.
    0.          32.40114348]]

Matriz [qfi]
[-0.2]

Matriz [Hi]
[93.56769729 82.77326669 83.21408453 90.56467865 96.97663031]

Matriz [Qi]
[0.10669018 0.03653158 0.00346842 0.03346842 0.0101586  0.05330982
 0.09330982]

Matriz [dq]
[-4.26931200e-06  3.07187307e-06 -3.07187307e-06 -3.07187307e-06
 -7.34118507e-06  4.26931200e-06  4.26931200e-06]


-----Fin iteración:   7  Desbalance de caudales: 0.007341

----- FIN DEL CÁLCULO -----


MÉTODO DEL GRADIENTE HIDRÁULICO                 v.0.1

Archivo de entrada: ./input/defaultC.mgh
Titulo:      Red por defecto para pruebas. Ejercicio 7.5 de Saldariaga
Autor:       Ing. Carlos Camacho Soto
Fecha:       28/01/2019
Versión:     V0.02
Viscosidad: 1.14e-06
Desbalance:  1e-05
Máximo iteraciones permitidas:  40
Ecuación de pérdidas de fricción: Colebrook-White
Factor global de demanda:  1.0

DATOS DE ENTRADA

Nudos de carga fija
  N  Elevación    Carga    Nivel
---------------------------------
  0    90.00     100.00    10.00 
---------------------------------

Nudos de demanda
  N  Elevación   Demanda    FVH
---------------------------------
  1    90.00      60.00     1.00 
  2    90.00      40.00     1.00 
  3    90.00      30.00     1.00 
  4    90.00      30.00     1.00 
  5    90.00      40.00     1.00 
---------------------------------

Tramos
  T   de->a      L     D     A       ks     kL   Estado   Op 
---------------------------------------------------------------
  0    0  1     500   250  0.0491  0.0015   0.0    TA   - 
  1    1  2     400   150  0.0177  0.0015  10.0    TA   - 
  2    3  2     200   100  0.0079  0.0015   0.0    TA   - 
  3    4  3     400   150  0.0177  0.0015   0.0    TA   - 
  4    1  4     200   100  0.0079  0.0015   0.0    TA   - 
  5    5  4     600   200  0.0314  0.0015   0.0    TA   - 
  6    0  5     300   250  0.0491  0.0015   0.0    TA   - 
---------------------------------------------------------------

RESULTADOS

Nudos de carga fija
  N  Elevación    Carga    Nivel   Caudal
------------------------------------------
  0    90.00     100.00    10.00  -200.00
------------------------------------------

Nudos de demanda
  N  Elevación   Q Base    FVH   Q Neto     Carga   Presión
-----------------------------------------------------------
  1    90.00      60.00    1.00   60.00     93.57     3.57
  2    90.00      40.00    1.00   40.00     82.77    -7.23
  3    90.00      30.00    1.00   30.00     83.21    -6.79
  4    90.00      30.00    1.00   30.00     90.56     0.56
  5    90.00      40.00    1.00   40.00     96.98     6.98
-----------------------------------------------------------

Tramos
  T   de->a      V       Q       hf      hL      hT       S
--------------------------------------------------------------
  0    0  1     2.17  106.69    6.43    0.00    6.43   0.01286
  1    1  2     2.07   36.53    8.62    2.18   10.79   0.02699
  2    3  2     0.44    3.47    0.44    0.00    0.44   0.00220
  3    4  3     1.89   33.47    7.35    0.00    7.35   0.01838
  4    1  4     1.29   10.16    3.00    0.00    3.00   0.01502
  5    5  4     1.70   53.31    6.41    0.00    6.41   0.01069
  6    0  5     1.90   93.31    3.02    0.00    3.02   0.01008
--------------------------------------------------------------

Fecha y hora de esta corrida:  Thu Sep  1 15:25:04 2022
crcs-2022
