MÉTODO DEL GRADIENTE HIDRÁULICO                 v.0.1

Archivo de entrada: ./input/default.mgh
Titulo:      Red por defecto para pruebas. Ejercicio 7.5 de Saldariaga
Autor:       Ing. Carlos Camacho Soto
Fecha:       28/01/2019
Versión:     V0.02
Viscosidad: 1.14e-06
Desbalance:  1e-05
Máximo iteraciones permitidas:  40
Ecuación de pérdidas de fricción: Swamee-Jain
Factor global de demanda:  1.0

DATOS DE ENTRADA

Nudos de carga fija
  N  Elevación    Carga    Nivel
---------------------------------
  0    90.00     100.00    10.00 
---------------------------------

Nudos de demanda
  N  Elevación   Demanda    FVH
---------------------------------
  1    90.00      60.00     1.00 
  2    90.00      40.00     1.00 
  3    90.00      30.00     1.00 
  4    90.00      30.00     1.00 
  5    90.00      40.00     1.00 
---------------------------------

Tramos
  T   de->a      L     D     A       ks     kL   Estado   Op 
---------------------------------------------------------------
  0    0  1     500   250  0.0491  0.0015   0.0    TA   - 
  1    1  2     400   150  0.0177  0.0015  10.0    TA   - 
  2    3  2     200   100  0.0079  0.0015   0.0    TA   - 
  3    4  3     400   150  0.0177  0.0015   0.0    TA   - 
  4    1  4     200   100  0.0079  0.0015   0.0    TA   - 
  5    5  4     600   200  0.0314  0.0015   0.0    TA   - 
  6    0  5     300   250  0.0491  0.0015   0.0    TA   - 
---------------------------------------------------------------

RESULTADOS

Nudos de carga fija
  N  Elevación    Carga    Nivel   Caudal
------------------------------------------
  0    90.00     100.00    10.00  -200.00
------------------------------------------

Nudos de demanda
  N  Elevación   Q Base    FVH   Q Neto     Carga   Presión
-----------------------------------------------------------
  1    90.00      60.00    1.00   60.00     93.60     3.60
  2    90.00      40.00    1.00   40.00     82.86    -7.14
  3    90.00      30.00    1.00   30.00     83.30    -6.70
  4    90.00      30.00    1.00   30.00     90.61     0.61
  5    90.00      40.00    1.00   40.00     96.99     6.99
-----------------------------------------------------------

Tramos
  T   de->a      V       Q       hf      hL      hT       S
--------------------------------------------------------------
  0    0  1     2.17  106.68    6.40    0.00    6.40   0.01280
  1    1  2     2.07   36.52    8.56    2.18   10.74   0.02685
  2    3  2     0.44    3.48    0.44    0.00    0.44   0.00221
  3    4  3     1.89   33.48    7.31    0.00    7.31   0.01828
  4    1  4     1.29   10.16    2.99    0.00    2.99   0.01493
  5    5  4     1.70   53.32    6.38    0.00    6.38   0.01063
  6    0  5     1.90   93.32    3.01    0.00    3.01   0.01003
--------------------------------------------------------------

Fecha y hora de esta corrida:  Thu Sep  1 11:28:58 2022
crcs-2022
