Título: Ejemplo con valvula de control
Autor: Carlos Camacho
Fecha: 02/02/2019
Versión: 1.0.0
-----------------------------------------------------------
Viscosidad cinemática [Pa s]: 1.007E-6
Máximo desbalance de caudales [l/s]: 1.0E-5
Máximo de iteraciones: 40
Número de nudos de carga fija: 1
Número de nudos de demanda: 6
Número de tramos de la red: 7
Factor de demanda: 1
-----------------------------------------------------------
---------------------------------
Nudo#  Elevación  Carga fija
---------------------------------
  0        90     100.00 
--------------------------------------
Nudo#  Elevación Demanda Factor 
--------------------------------------
  1        70      20.00  1.00 
  2        70      20.00  1.00 
  3        40      30.00  1.00 
  4        40      30.00  1.00 
  5        40      20.00  1.00 
  6        40      10.00  1.00 
--------------------------------------
-----------------------------------------------------------------
Tubo# De  A    L      D      Ks       Km   Estado  Opciones
-----------------------------------------------------------------
  0    0  1  100.00  200 0.0500000   2.00   TA - 
  1    1  2   80.00  200 0.0500000   2.00   TA - 
  2    3  6  125.00  200 0.0500000   2.00   TA - 
  3    1  4  200.00  200 0.0500000   2.00   VR 10 
  4    4  3  125.00  200 0.0500000   2.00   TA - 
  5    4  5  100.00  150 0.0500000   2.00   TA - 
  6    6  5   80.00  150 0.0500000   2.00   TA - 
-----------------------------------------------------------------
-------------------------------------------
Nudo#  Elevación  Demanda   Carga  Presión
-------------------------------------------
  0     90.00        --     100.00   10.00
  1     70.00       20.00    91.51   21.51 
  2     70.00       20.00    91.32   21.32 
  3     40.00       30.00    60.49   20.49 
  4     40.00       30.00    61.47   21.47 
  5     40.00       20.00    60.42   20.42 
  6     40.00       10.00    60.43   20.43 
-------------------------------------------
---------------------------------------------------
Tubo#  De  A      v[m/s]   Q[l/s]    Hf[m]   Hm[m]  
---------------------------------------------------
  0     0   1      4.14    130.00     6.74    1.75 
  1     1   2      0.64     20.00     0.15    0.04 
  2     3   6      0.28      8.72     0.05    0.01 
  3     1   4      2.86     90.00     6.61    0.84 
  4     4   3      1.23     38.72     0.83    0.15 
  5     4   5      1.20     21.28     0.90    0.15 
  6     6   5     -0.07     -1.28     0.00    0.00 
--------------------------------------------------
crcs2019
