MÉTODO DEL GRADIENTE HIDRÁULICO

Modo de ejecución: Impresión detallada
--
Topología de nudos OK

----- INICIO DEL CÁLCULO -----

----- Iteración inicial -----
Matriz [q]
[100.0, 10.0, 10.0, 15.0, 15.0, 10.0, 10.0, 15.0, 15.0]

Matriz [Ho]
[100.]

Matriz [qi]
[15.  15.  22.5 22.5 15.  15.  22.5 22.5]

Matriz [B]
[[ 1.  0.  0.  0.  0.  0.  0.  0.]
 [-1.  0.  1.  0.  0.  0.  0.  0.]
 [ 0.  0. -1.  1.  0.  0.  0.  0.]
 [ 0.  0.  0.  0. -1.  1.  0.  0.]
 [ 0.  0.  0.  0. -1.  0.  1.  0.]
 [ 0.  0.  0.  0.  0.  0. -1.  1.]
 [ 0.  0.  0.  0.  0. -1.  0.  1.]
 [-1.  1.  0.  0.  0.  0.  0.  0.]
 [ 0. -1.  0.  1.  0.  0.  0.  0.]
 [ 0. -1.  0.  0.  1.  0.  0.  0.]]

Matriz [C]
[[-1.]
 [ 0.]
 [ 0.]
 [ 0.]
 [ 0.]
 [ 0.]
 [ 0.]
 [ 0.]
 [ 0.]
 [ 0.]]

Matriz [Q]
[100. 100. 100. 100. 100. 100. 100. 100. 100. 100.]


Variables hidráulicas de los tramos

  N  De->A    L    D    ks    kL    Es    A      v       Re     f       hf    hL      alfa
-------------------------------------------------------------------------------------------
  0   0  1   100  300 0.0500  0.0  TA  0.0707   1.41  421463 0.01544   0.53  0.00     52.52
  1   1  3    75  150 0.0500  0.0  TA  0.0177   5.66  842926 0.01616  13.19  0.00   1319.07
  2   3  4   100  150 0.0500  4.0  TA  0.0177   5.66  842926 0.01616  17.59  6.53   2411.61
  3   5  6   100  150 0.0500  0.0  TA  0.0177   5.66  842926 0.01616  17.59  0.00   1758.76
  4   5  7    75  100 0.0500  0.0  TA  0.0079  12.73 1264389 0.01719 106.53  0.00  10653.05
  5   7  8   100  100 0.0500  4.0  TA  0.0079  12.73 1264389 0.01719 142.04 33.05  17509.15
  6   6  8    75  100 0.0500  0.0  TA  0.0079  12.73 1264389 0.01719 106.53  0.00  10653.05
  7   1  2   100  200 0.0500  0.0  TA  0.0314   3.18  632194 0.01570   4.05  0.00    405.27
  8   2  4    75  150 0.0500  0.0  TA  0.0177   5.66  842926 0.01616  13.19  0.00   1319.07
  9   2  5   100  150 0.0500  2.0  BO  0.0177   5.66  842926 0.01616  17.59  3.26   2085.18
-------------------------------------------------------------------------------------------

Matriz [A]
[[   5.25    0.      0.      0.      0.      0.      0.      0.      0.      0.  ]
 [   0.    131.91    0.      0.      0.      0.      0.      0.      0.      0.  ]
 [   0.      0.    241.16    0.      0.      0.      0.      0.      0.      0.  ]
 [   0.      0.      0.    175.88    0.      0.      0.      0.      0.      0.  ]
 [   0.      0.      0.      0.   1065.31    0.      0.      0.      0.      0.  ]
 [   0.      0.      0.      0.      0.   1750.91    0.      0.      0.      0.  ]
 [   0.      0.      0.      0.      0.      0.   1065.31    0.      0.      0.  ]
 [   0.      0.      0.      0.      0.      0.      0.     40.53    0.      0.  ]
 [   0.      0.      0.      0.      0.      0.      0.      0.    131.91    0.  ]
 [   0.      0.      0.      0.      0.      0.      0.      0.      0.   -441.48]]

Matriz [A1]
[[   5.25    0.      0.      0.      0.      0.      0.      0.      0.      0.  ]
 [   0.    131.91    0.      0.      0.      0.      0.      0.      0.      0.  ]
 [   0.      0.    241.16    0.      0.      0.      0.      0.      0.      0.  ]
 [   0.      0.      0.    175.88    0.      0.      0.      0.      0.      0.  ]
 [   0.      0.      0.      0.   1065.31    0.      0.      0.      0.      0.  ]
 [   0.      0.      0.      0.      0.   1750.91    0.      0.      0.      0.  ]
 [   0.      0.      0.      0.      0.      0.   1065.31    0.      0.      0.  ]
 [   0.      0.      0.      0.      0.      0.      0.     40.53    0.      0.  ]
 [   0.      0.      0.      0.      0.      0.      0.      0.    131.91    0.  ]
 [   0.      0.      0.      0.      0.      0.      0.      0.      0.    208.52]]

----Inician las iteraciones----


-----Iteración número:   1 -----

Variables hidráulicas de los tramos

  N  De->A    L    D    ks    kL    Es    A      v       Re     f       hf    hL      alfa
-------------------------------------------------------------------------------------------
  0   0  1   100  300 0.0500  0.0  TA  0.0707   2.12  632194 0.01488   1.14  0.00     50.59
  1   1  3    75  150 0.0500  0.0  TA  0.0177   2.79  415123 0.01685   3.33  0.00   1374.75
  2   3  4   100  150 0.0500  4.0  TA  0.0177   1.51  225465 0.01777   1.38  0.47   2586.20
  3   5  6   100  150 0.0500  0.0  TA  0.0177   0.93  138788 0.01879   0.55  0.00   2044.78
  4   5  7    75  100 0.0500  0.0  TA  0.0079   5.54  550451 0.01769  20.78  0.00  10965.13
  5   7  8   100  100 0.0500  4.0  TA  0.0079   2.68  265964 0.01849   6.76  1.46  18583.66
  6   6  8    75  100 0.0500  0.0  TA  0.0079   0.19   18524 0.02748   0.04  0.00  17027.52
  7   1  2   100  200 0.0500  0.0  TA  0.0314   2.73  542120 0.01586   3.01  0.00    409.63
  8   2  4    75  150 0.0500  0.0  TA  0.0177  -0.24   35806 0.02350   0.03  0.00   1917.83
  9   2  5   100  150 0.0500  2.0  BO  0.0177   4.24  632194 0.01640  10.04  1.84   2110.82
-------------------------------------------------------------------------------------------
Matriz [A]
[[   7.59    0.      0.      0.      0.      0.      0.      0.      0.      0.  ]
 [   0.     67.7     0.      0.      0.      0.      0.      0.      0.      0.  ]
 [   0.      0.     69.18    0.      0.      0.      0.      0.      0.      0.  ]
 [   0.      0.      0.     33.67    0.      0.      0.      0.      0.      0.  ]
 [   0.      0.      0.      0.    477.37    0.      0.      0.      0.      0.  ]
 [   0.      0.      0.      0.      0.    390.91    0.      0.      0.      0.  ]
 [   0.      0.      0.      0.      0.      0.     24.95    0.      0.      0.  ]
 [   0.      0.      0.      0.      0.      0.      0.     35.13    0.      0.  ]
 [   0.      0.      0.      0.      0.      0.      0.      0.     -8.15    0.  ]
 [   0.      0.      0.      0.      0.      0.      0.      0.      0.   -828.15]]

Matriz [A1]
[[  7.59   0.     0.     0.     0.     0.     0.     0.     0.     0.  ]
 [  0.    67.7    0.     0.     0.     0.     0.     0.     0.     0.  ]
 [  0.     0.    69.18   0.     0.     0.     0.     0.     0.     0.  ]
 [  0.     0.     0.    33.67   0.     0.     0.     0.     0.     0.  ]
 [  0.     0.     0.     0.   477.37   0.     0.     0.     0.     0.  ]
 [  0.     0.     0.     0.     0.   390.91   0.     0.     0.     0.  ]
 [  0.     0.     0.     0.     0.     0.    24.95   0.     0.     0.  ]
 [  0.     0.     0.     0.     0.     0.     0.    35.13   0.     0.  ]
 [  0.     0.     0.     0.     0.     0.     0.     0.    -8.15   0.  ]
 [  0.     0.     0.     0.     0.     0.     0.     0.     0.   158.31]]

Matriz [qfi]
[-150.]

Matriz [Hi]
[ 98.95  96.05  99.15 110.36 150.63 162.42 164.4  265.83]

Matriz [Qi]
[150.    49.25  26.75  16.47  43.53  21.03   1.47  85.75  -4.25  75.  ]

Matriz [dq]
[ 0.05 -0.05 -0.07 -0.08 -0.06 -0.08 -0.1  -0.01 -0.1  -0.03]


-----Fin iteración:   1  Desbalance de caudales: 98.534964


-----Iteración número:   2 -----

Variables hidráulicas de los tramos

  N  De->A    L    D    ks    kL    Es    A      v       Re     f       hf    hL      alfa
-------------------------------------------------------------------------------------------
  0   0  1   100  300 0.0500  0.0  TA  0.0707   2.12  632194 0.01488   1.14  0.00     50.59
  1   1  3    75  150 0.0500  0.0  TA  0.0177   2.42  360137 0.01703   2.54  0.00   1389.68
  2   3  4   100  150 0.0500  4.0  TA  0.0177   1.14  170478 0.01832   0.82  0.27   2646.55
  3   5  6   100  150 0.0500  0.0  TA  0.0177   1.80  267989 0.01747   1.92  0.00   1900.84
  4   5  7    75  100 0.0500  0.0  TA  0.0079   3.59  356650 0.01812   8.93  0.00  11227.90
  5   7  8   100  100 0.0500  4.0  TA  0.0079   0.73   72163 0.02135   0.57  0.11  20947.00
  6   6  8    75  100 0.0500  0.0  TA  0.0079   2.14  212325 0.01883   3.29  0.00  11671.14
  7   1  2   100  200 0.0500  0.0  TA  0.0314   2.94  583360 0.01578   3.47  0.00    407.49
  8   2  4    75  150 0.0500  0.0  TA  0.0177   0.13   19180 0.02688   0.01  0.00   2193.95
  9   2  5   100  150 0.0500  2.0  BO  0.0177   4.24  632194 0.01640  10.04  1.84   2110.82
-------------------------------------------------------------------------------------------
Matriz [A]
[[   7.59    0.      0.      0.      0.      0.      0.      0.      0.      0.  ]
 [   0.     59.37    0.      0.      0.      0.      0.      0.      0.      0.  ]
 [   0.      0.     53.53    0.      0.      0.      0.      0.      0.      0.  ]
 [   0.      0.      0.     60.43    0.      0.      0.      0.      0.      0.  ]
 [   0.      0.      0.      0.    316.71    0.      0.      0.      0.      0.  ]
 [   0.      0.      0.      0.      0.    119.55    0.      0.      0.      0.  ]
 [   0.      0.      0.      0.      0.      0.    195.99    0.      0.      0.  ]
 [   0.      0.      0.      0.      0.      0.      0.     37.6     0.      0.  ]
 [   0.      0.      0.      0.      0.      0.      0.      0.      4.99    0.  ]
 [   0.      0.      0.      0.      0.      0.      0.      0.      0.   -828.15]]

Matriz [A1]
[[  7.59   0.     0.     0.     0.     0.     0.     0.     0.     0.  ]
 [  0.    59.37   0.     0.     0.     0.     0.     0.     0.     0.  ]
 [  0.     0.    53.53   0.     0.     0.     0.     0.     0.     0.  ]
 [  0.     0.     0.    60.43   0.     0.     0.     0.     0.     0.  ]
 [  0.     0.     0.     0.   316.71   0.     0.     0.     0.     0.  ]
 [  0.     0.     0.     0.     0.   119.55   0.     0.     0.     0.  ]
 [  0.     0.     0.     0.     0.     0.   195.99   0.     0.     0.  ]
 [  0.     0.     0.     0.     0.     0.     0.    37.6    0.     0.  ]
 [  0.     0.     0.     0.     0.     0.     0.     0.     4.99   0.  ]
 [  0.     0.     0.     0.     0.     0.     0.     0.     0.   158.31]]

Matriz [qfi]
[-150.]

Matriz [Hi]
[ 98.86  95.39  96.41  95.46 157.5  155.92 151.35 155.11]

Matriz [Qi]
[150.    42.72  20.22  31.79  28.21   5.71  16.79  92.28   2.28  75.  ]

Matriz [dq]
[ 2.83e-15 -6.52e-03 -6.52e-03  1.53e-02 -1.53e-02 -1.53e-02  1.53e-02  6.52e-03  6.52e-03  1.22e-15]


-----Fin iteración:   2  Desbalance de caudales: 15.327639


-----Iteración número:   3 -----

Variables hidráulicas de los tramos

  N  De->A    L    D    ks    kL    Es    A      v       Re     f       hf    hL      alfa
-------------------------------------------------------------------------------------------
  0   0  1   100  300 0.0500  0.0  TA  0.0707   2.12  632194 0.01488   1.14  0.00     50.59
  1   1  3    75  150 0.0500  0.0  TA  0.0177   2.39  356391 0.01704   2.49  0.00   1390.84
  2   3  4   100  150 0.0500  4.0  TA  0.0177   1.12  166733 0.01837   0.78  0.26   2651.79
  3   5  6   100  150 0.0500  0.0  TA  0.0177   1.98  294781 0.01732   2.30  0.00   1884.37
  4   5  7    75  100 0.0500  0.0  TA  0.0079   3.19  316462 0.01826   7.09  0.00  11316.28
  5   7  8   100  100 0.0500  4.0  TA  0.0079   0.32   31975 0.02453   0.13  0.02  23569.91
  6   6  8    75  100 0.0500  0.0  TA  0.0079   2.54  252513 0.01857   4.59  0.00  11504.98
  7   1  2   100  200 0.0500  0.0  TA  0.0314   2.95  586169 0.01578   3.50  0.00    407.36
  8   2  4    75  150 0.0500  0.0  TA  0.0177   0.15   22926 0.02582   0.02  0.00   2107.18
  9   2  5   100  150 0.0500  2.0  BO  0.0177   4.24  632194 0.01640  10.04  1.84   2110.82
-------------------------------------------------------------------------------------------
Matriz [A]
[[   7.59    0.      0.      0.      0.      0.      0.      0.      0.      0.  ]
 [   0.     58.81    0.      0.      0.      0.      0.      0.      0.      0.  ]
 [   0.      0.     52.45    0.      0.      0.      0.      0.      0.      0.  ]
 [   0.      0.      0.     65.9     0.      0.      0.      0.      0.      0.  ]
 [   0.      0.      0.      0.    283.23    0.      0.      0.      0.      0.  ]
 [   0.      0.      0.      0.      0.     59.61    0.      0.      0.      0.  ]
 [   0.      0.      0.      0.      0.      0.    229.77    0.      0.      0.  ]
 [   0.      0.      0.      0.      0.      0.      0.     37.77    0.      0.  ]
 [   0.      0.      0.      0.      0.      0.      0.      0.      5.73    0.  ]
 [   0.      0.      0.      0.      0.      0.      0.      0.      0.   -828.15]]

Matriz [A1]
[[  7.59   0.     0.     0.     0.     0.     0.     0.     0.     0.  ]
 [  0.    58.81   0.     0.     0.     0.     0.     0.     0.     0.  ]
 [  0.     0.    52.45   0.     0.     0.     0.     0.     0.     0.  ]
 [  0.     0.     0.    65.9    0.     0.     0.     0.     0.     0.  ]
 [  0.     0.     0.     0.   283.23   0.     0.     0.     0.     0.  ]
 [  0.     0.     0.     0.     0.    59.61   0.     0.     0.     0.  ]
 [  0.     0.     0.     0.     0.     0.   229.77   0.     0.     0.  ]
 [  0.     0.     0.     0.     0.     0.     0.    37.77   0.     0.  ]
 [  0.     0.     0.     0.     0.     0.     0.     0.     5.73   0.  ]
 [  0.     0.     0.     0.     0.     0.     0.     0.     0.   158.31]]

Matriz [qfi]
[-150.]

Matriz [Hi]
[ 98.86  95.36  96.38  95.34 157.47 155.16 150.55 150.63]

Matriz [Qi]
[150.    42.28  19.78  34.97  25.03   2.53  19.97  92.72   2.72  75.  ]

Matriz [dq]
[ 1.08e-15 -4.44e-04 -4.44e-04  3.18e-03 -3.18e-03 -3.18e-03  3.18e-03  4.44e-04  4.44e-04 -9.16e-16]


-----Fin iteración:   3  Desbalance de caudales: 3.178454


-----Iteración número:   4 -----

Variables hidráulicas de los tramos

  N  De->A    L    D    ks    kL    Es    A      v       Re     f       hf    hL      alfa
-------------------------------------------------------------------------------------------
  0   0  1   100  300 0.0500  0.0  TA  0.0707   2.12  632194 0.01488   1.14  0.00     50.59
  1   1  3    75  150 0.0500  0.0  TA  0.0177   2.39  356222 0.01704   2.48  0.00   1390.89
  2   3  4   100  150 0.0500  4.0  TA  0.0177   1.12  166563 0.01837   0.78  0.25   2652.03
  3   5  6   100  150 0.0500  0.0  TA  0.0177   1.99  297068 0.01731   2.34  0.00   1883.08
  4   5  7    75  100 0.0500  0.0  TA  0.0079   3.15  313032 0.01827   6.94  0.00  11324.72
  5   7  8   100  100 0.0500  4.0  TA  0.0079   0.29   28544 0.02508   0.11  0.02  24026.71
  6   6  8    75  100 0.0500  0.0  TA  0.0079   2.58  255943 0.01855   4.71  0.00  11492.85
  7   1  2   100  200 0.0500  0.0  TA  0.0314   2.95  586296 0.01578   3.50  0.00    407.35
  8   2  4    75  150 0.0500  0.0  TA  0.0177   0.16   23095 0.02578   0.02  0.00   2103.74
  9   2  5   100  150 0.0500  2.0  BO  0.0177   4.24  632194 0.01640  10.04  1.84   2110.82
-------------------------------------------------------------------------------------------
Matriz [A]
[[   7.59    0.      0.      0.      0.      0.      0.      0.      0.      0.  ]
 [   0.     58.78    0.      0.      0.      0.      0.      0.      0.      0.  ]
 [   0.      0.     52.4     0.      0.      0.      0.      0.      0.      0.  ]
 [   0.      0.      0.     66.36    0.      0.      0.      0.      0.      0.  ]
 [   0.      0.      0.      0.    280.37    0.      0.      0.      0.      0.  ]
 [   0.      0.      0.      0.      0.     54.24    0.      0.      0.      0.  ]
 [   0.      0.      0.      0.      0.      0.    232.64    0.      0.      0.  ]
 [   0.      0.      0.      0.      0.      0.      0.     37.78    0.      0.  ]
 [   0.      0.      0.      0.      0.      0.      0.      0.      5.76    0.  ]
 [   0.      0.      0.      0.      0.      0.      0.      0.      0.   -828.15]]

Matriz [A1]
[[  7.59   0.     0.     0.     0.     0.     0.     0.     0.     0.  ]
 [  0.    58.78   0.     0.     0.     0.     0.     0.     0.     0.  ]
 [  0.     0.    52.4    0.     0.     0.     0.     0.     0.     0.  ]
 [  0.     0.     0.    66.36   0.     0.     0.     0.     0.     0.  ]
 [  0.     0.     0.     0.   280.37   0.     0.     0.     0.     0.  ]
 [  0.     0.     0.     0.     0.    54.24   0.     0.     0.     0.  ]
 [  0.     0.     0.     0.     0.     0.   232.64   0.     0.     0.  ]
 [  0.     0.     0.     0.     0.     0.     0.    37.78   0.     0.  ]
 [  0.     0.     0.     0.     0.     0.     0.     0.     5.76   0.  ]
 [  0.     0.     0.     0.     0.     0.     0.     0.     0.   158.31]]

Matriz [qfi]
[-150.]

Matriz [Hi]
[ 98.86  95.36  96.38  95.34 157.47 155.13 150.53 150.42]

Matriz [Qi]
[150.    42.26  19.76  35.24  24.76   2.26  20.24  92.74   2.74  75.  ]

Matriz [dq]
[-3.77e-15 -2.01e-05 -2.01e-05  2.71e-04 -2.71e-04 -2.71e-04  2.71e-04  2.01e-05  2.01e-05 -4.72e-16]


-----Fin iteración:   4  Desbalance de caudales: 0.271324


-----Iteración número:   5 -----

Variables hidráulicas de los tramos

  N  De->A    L    D    ks    kL    Es    A      v       Re     f       hf    hL      alfa
-------------------------------------------------------------------------------------------
  0   0  1   100  300 0.0500  0.0  TA  0.0707   2.12  632194 0.01488   1.14  0.00     50.59
  1   1  3    75  150 0.0500  0.0  TA  0.0177   2.39  356215 0.01704   2.48  0.00   1390.89
  2   3  4   100  150 0.0500  4.0  TA  0.0177   1.12  166556 0.01837   0.78  0.25   2652.04
  3   5  6   100  150 0.0500  0.0  TA  0.0177   2.00  297172 0.01731   2.34  0.00   1883.02
  4   5  7    75  100 0.0500  0.0  TA  0.0079   3.15  312875 0.01828   6.93  0.00  11325.11
  5   7  8   100  100 0.0500  4.0  TA  0.0079   0.29   28388 0.02511   0.10  0.02  24049.44
  6   6  8    75  100 0.0500  0.0  TA  0.0079   2.58  256100 0.01854   4.71  0.00  11492.31
  7   1  2   100  200 0.0500  0.0  TA  0.0314   2.95  586302 0.01578   3.50  0.00    407.35
  8   2  4    75  150 0.0500  0.0  TA  0.0177   0.16   23102 0.02578   0.02  0.00   2103.60
  9   2  5   100  150 0.0500  2.0  BO  0.0177   4.24  632194 0.01640  10.04  1.84   2110.82
-------------------------------------------------------------------------------------------
Matriz [A]
[[   7.59    0.      0.      0.      0.      0.      0.      0.      0.      0.  ]
 [   0.     58.78    0.      0.      0.      0.      0.      0.      0.      0.  ]
 [   0.      0.     52.4     0.      0.      0.      0.      0.      0.      0.  ]
 [   0.      0.      0.     66.39    0.      0.      0.      0.      0.      0.  ]
 [   0.      0.      0.      0.    280.24    0.      0.      0.      0.      0.  ]
 [   0.      0.      0.      0.      0.     54.      0.      0.      0.      0.  ]
 [   0.      0.      0.      0.      0.      0.    232.77    0.      0.      0.  ]
 [   0.      0.      0.      0.      0.      0.      0.     37.78    0.      0.  ]
 [   0.      0.      0.      0.      0.      0.      0.      0.      5.77    0.  ]
 [   0.      0.      0.      0.      0.      0.      0.      0.      0.   -828.15]]

Matriz [A1]
[[  7.59   0.     0.     0.     0.     0.     0.     0.     0.     0.  ]
 [  0.    58.78   0.     0.     0.     0.     0.     0.     0.     0.  ]
 [  0.     0.    52.4    0.     0.     0.     0.     0.     0.     0.  ]
 [  0.     0.     0.    66.39   0.     0.     0.     0.     0.     0.  ]
 [  0.     0.     0.     0.   280.24   0.     0.     0.     0.     0.  ]
 [  0.     0.     0.     0.     0.    54.     0.     0.     0.     0.  ]
 [  0.     0.     0.     0.     0.     0.   232.77   0.     0.     0.  ]
 [  0.     0.     0.     0.     0.     0.     0.    37.78   0.     0.  ]
 [  0.     0.     0.     0.     0.     0.     0.     0.     5.77   0.  ]
 [  0.     0.     0.     0.     0.     0.     0.     0.     0.   158.31]]

Matriz [qfi]
[-150.]

Matriz [Hi]
[ 98.86  95.36  96.38  95.34 157.47 155.13 150.53 150.41]

Matriz [Qi]
[150.    42.26  19.76  35.25  24.75   2.25  20.25  92.74   2.74  75.  ]

Matriz [dq]
[-1.11e-16 -8.63e-07 -8.63e-07  1.24e-05 -1.24e-05 -1.24e-05  1.24e-05  8.63e-07  8.63e-07  5.83e-16]


-----Fin iteración:   5  Desbalance de caudales: 0.012357


-----Iteración número:   6 -----

Variables hidráulicas de los tramos

  N  De->A    L    D    ks    kL    Es    A      v       Re     f       hf    hL      alfa
-------------------------------------------------------------------------------------------
  0   0  1   100  300 0.0500  0.0  TA  0.0707   2.12  632194 0.01488   1.14  0.00     50.59
  1   1  3    75  150 0.0500  0.0  TA  0.0177   2.39  356214 0.01704   2.48  0.00   1390.89
  2   3  4   100  150 0.0500  4.0  TA  0.0177   1.12  166556 0.01837   0.78  0.25   2652.04
  3   5  6   100  150 0.0500  0.0  TA  0.0177   2.00  297176 0.01731   2.34  0.00   1883.02
  4   5  7    75  100 0.0500  0.0  TA  0.0079   3.15  312869 0.01828   6.93  0.00  11325.12
  5   7  8   100  100 0.0500  4.0  TA  0.0079   0.29   28381 0.02511   0.10  0.02  24050.39
  6   6  8    75  100 0.0500  0.0  TA  0.0079   2.58  256106 0.01854   4.72  0.00  11492.28
  7   1  2   100  200 0.0500  0.0  TA  0.0314   2.95  586302 0.01578   3.50  0.00    407.35
  8   2  4    75  150 0.0500  0.0  TA  0.0177   0.16   23102 0.02578   0.02  0.00   2103.59
  9   2  5   100  150 0.0500  2.0  BO  0.0177   4.24  632194 0.01640  10.04  1.84   2110.82
-------------------------------------------------------------------------------------------
Matriz [A]
[[   7.59    0.      0.      0.      0.      0.      0.      0.      0.      0.  ]
 [   0.     58.78    0.      0.      0.      0.      0.      0.      0.      0.  ]
 [   0.      0.     52.4     0.      0.      0.      0.      0.      0.      0.  ]
 [   0.      0.      0.     66.39    0.      0.      0.      0.      0.      0.  ]
 [   0.      0.      0.      0.    280.24    0.      0.      0.      0.      0.  ]
 [   0.      0.      0.      0.      0.     53.99    0.      0.      0.      0.  ]
 [   0.      0.      0.      0.      0.      0.    232.78    0.      0.      0.  ]
 [   0.      0.      0.      0.      0.      0.      0.     37.78    0.      0.  ]
 [   0.      0.      0.      0.      0.      0.      0.      0.      5.77    0.  ]
 [   0.      0.      0.      0.      0.      0.      0.      0.      0.   -828.15]]

Matriz [A1]
[[  7.59   0.     0.     0.     0.     0.     0.     0.     0.     0.  ]
 [  0.    58.78   0.     0.     0.     0.     0.     0.     0.     0.  ]
 [  0.     0.    52.4    0.     0.     0.     0.     0.     0.     0.  ]
 [  0.     0.     0.    66.39   0.     0.     0.     0.     0.     0.  ]
 [  0.     0.     0.     0.   280.24   0.     0.     0.     0.     0.  ]
 [  0.     0.     0.     0.     0.    53.99   0.     0.     0.     0.  ]
 [  0.     0.     0.     0.     0.     0.   232.78   0.     0.     0.  ]
 [  0.     0.     0.     0.     0.     0.     0.    37.78   0.     0.  ]
 [  0.     0.     0.     0.     0.     0.     0.     0.     5.77   0.  ]
 [  0.     0.     0.     0.     0.     0.     0.     0.     0.   158.31]]

Matriz [qfi]
[-150.]

Matriz [Hi]
[ 98.86  95.36  96.38  95.34 157.47 155.13 150.53 150.41]

Matriz [Qi]
[150.    42.26  19.76  35.26  24.74   2.24  20.26  92.74   2.74  75.  ]

Matriz [dq]
[-1.89e-15 -3.71e-08 -3.71e-08  5.15e-07 -5.15e-07 -5.15e-07  5.15e-07  3.71e-08  3.71e-08 -2.22e-16]


-----Fin iteración:   6  Desbalance de caudales: 0.000515

----- FIN DEL CÁLCULO -----


MÉTODO DEL GRADIENTE HIDRÁULICO              v1.0.0-alpha

Archivo de entrada: ./input/EjemploBomba.mgh
Titulo:      Ejemplo con equipo de bombeo
Autor:       Carlos Camacho
Fecha:       02/02/2019
Versión:     1.0.0
Viscosidad:  1.007e-06
Desbalance:  1e-05
Máximo iteraciones permitidas:  40
Ecuación de pérdidas de fricción: Swamee-Jain
Factor global de demanda:  1.5

DATOS DE ENTRADA

Nudos de carga fija
  N  Elevación    Carga    Nivel
---------------------------------
  0    90.00     100.00    10.00 
---------------------------------

Nudos de demanda
  N  Elevación   Demanda    FVH
---------------------------------
  1    80.00      10.00     1.00 
  2    80.00      10.00     1.00 
  3    80.00      15.00     1.00 
  4    80.00      15.00     1.00 
  5   150.00      10.00     1.00 
  6   150.00      10.00     1.00 
  7   150.00      15.00     1.00 
  8   150.00      15.00     1.00 
---------------------------------

Tramos
  T   de->a      L     D     A       ks     kL   Estado   Op 
---------------------------------------------------------------
  0    0  1     100   300  0.0707  0.0500   0.0    TA   - 
  1    1  3      75   150  0.0177  0.0500   0.0    TA   - 
  2    3  4     100   150  0.0177  0.0500   4.0    TA   - 
  3    5  6     100   150  0.0177  0.0500   0.0    TA   - 
  4    5  7      75   100  0.0079  0.0500   0.0    TA   - 
  5    7  8     100   100  0.0079  0.0500   4.0    TA   - 
  6    6  8      75   100  0.0079  0.0500   0.0    TA   - 
  7    1  2     100   200  0.0314  0.0500   0.0    TA   - 
  8    2  4      75   150  0.0177  0.0500   0.0    TA   - 
  9    2  5     100   150  0.0177  0.0500   2.0    BO   -3125.0 187.5 77.5 
---------------------------------------------------------------

RESULTADOS

Nudos de carga fija
  N  Elevación    Carga    Nivel   Caudal
------------------------------------------
  0    90.00     100.00    10.00  -150.00
------------------------------------------

Nudos de demanda
  N  Elevación   Q Base    FVH    Q Neto      Carga   Presión
-------------------------------------------------------------
  1    80.00      10.00    1.00    15.00      98.86    18.86
  2    80.00      10.00    1.00    15.00      95.36    15.36
  3    80.00      15.00    1.00    22.50      96.38    16.38
  4    80.00      15.00    1.00    22.50      95.34    15.34
  5   150.00      10.00    1.00    15.00     157.47     7.47
  6   150.00      10.00    1.00    15.00     155.13     5.13
  7   150.00      15.00    1.00    22.50     150.53     0.53
  8   150.00      15.00    1.00    22.50     150.41     0.41
-------------------------------------------------------------

Tramos
  T   de->a      V       Q       hf      hL      hT       S   
---------------------------------------------------------------
  0    0  1     2.12  150.00    1.14    0.00    1.14   0.01138 
  1    1  3     2.39   42.26    2.48    0.00    2.48   0.03312 
  2    3  4     1.12   19.76    0.78    0.25    1.04   0.01035 
  3    5  6     2.00   35.26    2.34    0.00    2.34   0.02340 
  4    5  7     3.15   24.74    6.93    0.00    6.93   0.09246 
  5    7  8     0.29    2.24    0.10    0.02    0.12   0.00121 
  6    6  8     2.58   20.26    4.72    0.00    4.72   0.06287 
  7    1  2     2.95   92.74    3.50    0.00    3.50   0.03504 
  8    2  4     0.16    2.74    0.02    0.00    0.02   0.00021 
  9    2  5     4.24   75.00   10.04    1.84   11.87   0.11873 HBO=73.98
---------------------------------------------------------------

Fecha y hora de esta corrida:  Wed Sep  7 12:20:24 2022
crcs-2022
